<?xml version="1.0" encoding="UTF-8"?>
<testng-results skipped="0" failed="0" total="1" passed="1">
  <reporter-output>
  </reporter-output>
  <suite name="CollectiveApiTestSuite" duration-ms="2359" started-at="2017-02-03T11:09:19Z" finished-at="2017-02-03T11:09:22Z">
    <groups>
    </groups>
    <test name="CollectiveApiTest" duration-ms="2359" started-at="2017-02-03T11:09:19Z" finished-at="2017-02-03T11:09:22Z">
      <class name="Workflow.GetAdvertiserApiTest">
        <test-method status="PASS" signature="SetUp()[pri:0, instance:Workflow.GetAdvertiserApiTest@71c7db30]" name="SetUp" is-config="true" duration-ms="9" started-at="2017-02-03T16:39:19Z" finished-at="2017-02-03T16:39:19Z">
          <reporter-output>
          </reporter-output>
        </test-method> <!-- SetUp -->
        <test-method status="PASS" signature="GetAdvertisersApiTest()[pri:0, instance:Workflow.GetAdvertiserApiTest@71c7db30]" name="GetAdvertisersApiTest" duration-ms="2343" started-at="2017-02-03T16:39:19Z" finished-at="2017-02-03T16:39:22Z">
          <reporter-output>
          </reporter-output>
        </test-method> <!-- GetAdvertisersApiTest -->
      </class> <!-- Workflow.GetAdvertiserApiTest -->
    </test> <!-- CollectiveApiTest -->
  </suite> <!-- CollectiveApiTestSuite -->
</testng-results>
